[build] experiments/lupi_ENC-002_CTCF/inputs/ENC-002__TF-ChIP-seq_CTCF/fold0/train.csv exists — skipping build (delete to force rebuild)
[build] aux columns present in train.csv
=== [lupi] ENC-002__TF-ChIP-seq_CTCF | lr=3e-5 batch=16 ep=3 wd=0.01 warmup=50 head=1 ===
usage: finetune_entexbert2.py [-h] [--model_name_or_path MODEL_NAME_OR_PATH]
                              [--use_lora [USE_LORA]] [--lora_r LORA_R]
                              [--lora_alpha LORA_ALPHA]
                              [--lora_dropout LORA_DROPOUT]
                              [--lora_target_modules LORA_TARGET_MODULES]
                              [--data_path DATA_PATH] [--kmer KMER]
                              [--input_mode INPUT_MODE]
                              [--output_dir OUTPUT_DIR]
                              [--overwrite_output_dir [OVERWRITE_OUTPUT_DIR]]
                              [--do_train [DO_TRAIN]] [--do_eval [DO_EVAL]]
                              [--do_predict [DO_PREDICT]]
                              [--evaluation_strategy EVALUATION_STRATEGY]
                              [--prediction_loss_only [PREDICTION_LOSS_ONLY]]
                              [--per_device_train_batch_size PER_DEVICE_TRAIN_BATCH_SIZE]
                              [--per_device_eval_batch_size PER_DEVICE_EVAL_BATCH_SIZE]
                              [--per_gpu_train_batch_size PER_GPU_TRAIN_BATCH_SIZE]
                              [--per_gpu_eval_batch_size PER_GPU_EVAL_BATCH_SIZE]
                              [--gradient_accumulation_steps GRADIENT_ACCUMULATION_STEPS]
                              [--eval_accumulation_steps EVAL_ACCUMULATION_STEPS]
                              [--eval_delay EVAL_DELAY]
                              [--learning_rate LEARNING_RATE]
                              [--weight_decay WEIGHT_DECAY]
                              [--adam_beta1 ADAM_BETA1]
                              [--adam_beta2 ADAM_BETA2]
                              [--adam_epsilon ADAM_EPSILON]
                              [--max_grad_norm MAX_GRAD_NORM]
                              [--num_train_epochs NUM_TRAIN_EPOCHS]
                              [--max_steps MAX_STEPS]
                              [--lr_scheduler_type {linear,cosine,cosine_with_restarts,polynomial,constant,constant_with_warmup,inverse_sqrt,reduce_lr_on_plateau}]
                              [--warmup_ratio WARMUP_RATIO]
                              [--warmup_steps WARMUP_STEPS]
                              [--log_level {debug,info,warning,error,critical,passive}]
                              [--log_level_replica {debug,info,warning,error,critical,passive}]
                              [--log_on_each_node [LOG_ON_EACH_NODE]]
                              [--no_log_on_each_node]
                              [--logging_dir LOGGING_DIR]
                              [--logging_strategy {no,steps,epoch}]
                              [--logging_first_step [LOGGING_FIRST_STEP]]
                              [--logging_steps LOGGING_STEPS]
                              [--logging_nan_inf_filter [LOGGING_NAN_INF_FILTER]]
                              [--no_logging_nan_inf_filter]
                              [--save_strategy {no,steps,epoch}]
                              [--save_steps SAVE_STEPS]
                              [--save_total_limit SAVE_TOTAL_LIMIT]
                              [--save_safetensors [SAVE_SAFETENSORS]]
                              [--save_on_each_node [SAVE_ON_EACH_NODE]]
                              [--no_cuda [NO_CUDA]]
                              [--use_mps_device [USE_MPS_DEVICE]]
                              [--seed SEED] [--data_seed DATA_SEED]
                              [--jit_mode_eval [JIT_MODE_EVAL]]
                              [--use_ipex [USE_IPEX]] [--bf16 [BF16]]
                              [--fp16 [FP16]]
                              [--fp16_opt_level FP16_OPT_LEVEL]
                              [--half_precision_backend {auto,cuda_amp,apex,cpu_amp}]
                              [--bf16_full_eval [BF16_FULL_EVAL]]
                              [--fp16_full_eval [FP16_FULL_EVAL]]
                              [--tf32 TF32] [--local_rank LOCAL_RANK]
                              [--ddp_backend {nccl,gloo,mpi,ccl}]
                              [--tpu_num_cores TPU_NUM_CORES]
                              [--tpu_metrics_debug [TPU_METRICS_DEBUG]]
                              [--debug DEBUG]
                              [--dataloader_drop_last [DATALOADER_DROP_LAST]]
                              [--eval_steps EVAL_STEPS]
                              [--dataloader_num_workers DATALOADER_NUM_WORKERS]
                              [--past_index PAST_INDEX] [--run_name RUN_NAME]
                              [--disable_tqdm DISABLE_TQDM]
                              [--remove_unused_columns [REMOVE_UNUSED_COLUMNS]]
                              [--label_names LABEL_NAMES [LABEL_NAMES ...]]
                              [--load_best_model_at_end [LOAD_BEST_MODEL_AT_END]]
                              [--no_load_best_model_at_end]
                              [--metric_for_best_model METRIC_FOR_BEST_MODEL]
                              [--greater_is_better GREATER_IS_BETTER]
                              [--ignore_data_skip [IGNORE_DATA_SKIP]]
                              [--sharded_ddp SHARDED_DDP] [--fsdp FSDP]
                              [--fsdp_min_num_params FSDP_MIN_NUM_PARAMS]
                              [--fsdp_config FSDP_CONFIG]
                              [--fsdp_transformer_layer_cls_to_wrap FSDP_TRANSFORMER_LAYER_CLS_TO_WRAP]
                              [--deepspeed DEEPSPEED]
                              [--label_smoothing_factor LABEL_SMOOTHING_FACTOR]
                              [--optim OPTIM] [--optim_args OPTIM_ARGS]
                              [--adafactor [ADAFACTOR]]
                              [--group_by_length [GROUP_BY_LENGTH]]
                              [--length_column_name LENGTH_COLUMN_NAME]
                              [--report_to REPORT_TO [REPORT_TO ...]]
                              [--ddp_find_unused_parameters DDP_FIND_UNUSED_PARAMETERS]
                              [--ddp_bucket_cap_mb DDP_BUCKET_CAP_MB]
                              [--dataloader_pin_memory [DATALOADER_PIN_MEMORY]]
                              [--skip_memory_metrics [SKIP_MEMORY_METRICS]]
                              [--no_skip_memory_metrics]
                              [--use_legacy_prediction_loop [USE_LEGACY_PREDICTION_LOOP]]
                              [--push_to_hub [PUSH_TO_HUB]]
                              [--resume_from_checkpoint RESUME_FROM_CHECKPOINT]
                              [--hub_model_id HUB_MODEL_ID]
                              [--hub_strategy {end,every_save,checkpoint,all_checkpoints}]
                              [--hub_token HUB_TOKEN]
                              [--hub_private_repo [HUB_PRIVATE_REPO]]
                              [--gradient_checkpointing [GRADIENT_CHECKPOINTING]]
                              [--include_inputs_for_metrics [INCLUDE_INPUTS_FOR_METRICS]]
                              [--fp16_backend {auto,cuda_amp,apex,cpu_amp}]
                              [--push_to_hub_model_id PUSH_TO_HUB_MODEL_ID]
                              [--push_to_hub_organization PUSH_TO_HUB_ORGANIZATION]
                              [--push_to_hub_token PUSH_TO_HUB_TOKEN]
                              [--mp_parameters MP_PARAMETERS]
                              [--auto_find_batch_size [AUTO_FIND_BATCH_SIZE]]
                              [--full_determinism [FULL_DETERMINISM]]
                              [--torchdynamo TORCHDYNAMO]
                              [--ray_scope RAY_SCOPE]
                              [--ddp_timeout DDP_TIMEOUT]
                              [--torch_compile [TORCH_COMPILE]]
                              [--torch_compile_backend TORCH_COMPILE_BACKEND]
                              [--torch_compile_mode TORCH_COMPILE_MODE]
                              [--xpu_backend {mpi,ccl,gloo}]
                              [--cache_dir CACHE_DIR]
                              [--model_max_length MODEL_MAX_LENGTH]
                              [--find_unused_parameters [FIND_UNUSED_PARAMETERS]]
                              [--checkpointing [CHECKPOINTING]]
                              [--eval_and_save_results [EVAL_AND_SAVE_RESULTS]]
                              [--no_eval_and_save_results]
                              [--save_model [SAVE_MODEL]]
                              [--class_weights CLASS_WEIGHTS]
                              [--contrast_mode CONTRAST_MODE] [--task TASK]
                              [--main_num_labels MAIN_NUM_LABELS]
                              [--head_num_layers HEAD_NUM_LAYERS]
                              [--head_hidden_size HEAD_HIDDEN_SIZE]
                              [--head_activation HEAD_ACTIVATION]
                              [--head_dropout HEAD_DROPOUT]
                              [--num_aux_tasks NUM_AUX_TASKS]
                              [--aux_task_names AUX_TASK_NAMES [AUX_TASK_NAMES ...]]
                              [--aux_task_types AUX_TASK_TYPES [AUX_TASK_TYPES ...]]
                              [--aux_num_labels AUX_NUM_LABELS [AUX_NUM_LABELS ...]]
                              [--lambda_aux LAMBDA_AUX [LAMBDA_AUX ...]]
                              [--pooling_mode POOLING_MODE]
                              [--center_pool_width CENTER_POOL_WIDTH]
finetune_entexbert2.py: error: argument --aux_num_labels: invalid int value: '1,1,1'
